CRITICAL - 2022-04-22 12:16:13 --> Invalid file: body.php
#0 /home/maxi/Documents/github/sl/system/View/View.php(198): CodeIgniter\Exceptions\FrameworkException::forInvalidFile()
#1 /home/maxi/Documents/github/sl/system/Common.php(1089): CodeIgniter\View\View->render()
#2 /home/maxi/Documents/github/sl/app/Controllers/Home.php(9): view()
#3 /home/maxi/Documents/github/sl/system/CodeIgniter.php(832): App\Controllers\Home->index()
#4 /home/maxi/Documents/github/sl/system/CodeIgniter.php(419): CodeIgniter\CodeIgniter->runController()
#5 /home/maxi/Documents/github/sl/system/CodeIgniter.php(326): CodeIgniter\CodeIgniter->handleRequest()
#6 /home/maxi/Documents/github/sl/public/index.php(37): CodeIgniter\CodeIgniter->run()
#7 /home/maxi/Documents/github/sl/system/Commands/Server/rewrite.php(43): require_once('...')
#8 {main}
CRITICAL - 2022-04-22 12:25:57 --> Invalid file: /components/body.php
#0 /home/maxi/Documents/github/sl/system/View/View.php(198): CodeIgniter\Exceptions\FrameworkException::forInvalidFile()
#1 /home/maxi/Documents/github/sl/system/Common.php(1089): CodeIgniter\View\View->render()
#2 /home/maxi/Documents/github/sl/app/Controllers/Home.php(9): view()
#3 /home/maxi/Documents/github/sl/system/CodeIgniter.php(832): App\Controllers\Home->index()
#4 /home/maxi/Documents/github/sl/system/CodeIgniter.php(419): CodeIgniter\CodeIgniter->runController()
#5 /home/maxi/Documents/github/sl/system/CodeIgniter.php(326): CodeIgniter\CodeIgniter->handleRequest()
#6 /home/maxi/Documents/github/sl/public/index.php(37): CodeIgniter\CodeIgniter->run()
#7 /home/maxi/Documents/github/sl/system/Commands/Server/rewrite.php(43): require_once('...')
#8 {main}
CRITICAL - 2022-04-22 12:25:58 --> Invalid file: /components/body.php
#0 /home/maxi/Documents/github/sl/system/View/View.php(198): CodeIgniter\Exceptions\FrameworkException::forInvalidFile()
#1 /home/maxi/Documents/github/sl/system/Common.php(1089): CodeIgniter\View\View->render()
#2 /home/maxi/Documents/github/sl/app/Controllers/Home.php(9): view()
#3 /home/maxi/Documents/github/sl/system/CodeIgniter.php(832): App\Controllers\Home->index()
#4 /home/maxi/Documents/github/sl/system/CodeIgniter.php(419): CodeIgniter\CodeIgniter->runController()
#5 /home/maxi/Documents/github/sl/system/CodeIgniter.php(326): CodeIgniter\CodeIgniter->handleRequest()
#6 /home/maxi/Documents/github/sl/public/index.php(37): CodeIgniter\CodeIgniter->run()
#7 /home/maxi/Documents/github/sl/system/Commands/Server/rewrite.php(43): require_once('...')
#8 {main}
CRITICAL - 2022-04-22 12:25:58 --> Invalid file: /components/body.php
#0 /home/maxi/Documents/github/sl/system/View/View.php(198): CodeIgniter\Exceptions\FrameworkException::forInvalidFile()
#1 /home/maxi/Documents/github/sl/system/Common.php(1089): CodeIgniter\View\View->render()
#2 /home/maxi/Documents/github/sl/app/Controllers/Home.php(9): view()
#3 /home/maxi/Documents/github/sl/system/CodeIgniter.php(832): App\Controllers\Home->index()
#4 /home/maxi/Documents/github/sl/system/CodeIgniter.php(419): CodeIgniter\CodeIgniter->runController()
#5 /home/maxi/Documents/github/sl/system/CodeIgniter.php(326): CodeIgniter\CodeIgniter->handleRequest()
#6 /home/maxi/Documents/github/sl/public/index.php(37): CodeIgniter\CodeIgniter->run()
#7 /home/maxi/Documents/github/sl/system/Commands/Server/rewrite.php(43): require_once('...')
#8 {main}
CRITICAL - 2022-04-22 12:26:03 --> Invalid file: /components/body.php
#0 /home/maxi/Documents/github/sl/system/View/View.php(198): CodeIgniter\Exceptions\FrameworkException::forInvalidFile()
#1 /home/maxi/Documents/github/sl/system/Common.php(1089): CodeIgniter\View\View->render()
#2 /home/maxi/Documents/github/sl/app/Controllers/Home.php(9): view()
#3 /home/maxi/Documents/github/sl/system/CodeIgniter.php(832): App\Controllers\Home->index()
#4 /home/maxi/Documents/github/sl/system/CodeIgniter.php(419): CodeIgniter\CodeIgniter->runController()
#5 /home/maxi/Documents/github/sl/system/CodeIgniter.php(326): CodeIgniter\CodeIgniter->handleRequest()
#6 /home/maxi/Documents/github/sl/public/index.php(37): CodeIgniter\CodeIgniter->run()
#7 /home/maxi/Documents/github/sl/system/Commands/Server/rewrite.php(43): require_once('...')
#8 {main}
CRITICAL - 2022-04-22 12:26:19 --> Invalid file: /components/body-frame.php
#0 /home/maxi/Documents/github/sl/system/View/View.php(198): CodeIgniter\Exceptions\FrameworkException::forInvalidFile()
#1 /home/maxi/Documents/github/sl/system/Common.php(1089): CodeIgniter\View\View->render()
#2 /home/maxi/Documents/github/sl/app/Controllers/Home.php(9): view()
#3 /home/maxi/Documents/github/sl/system/CodeIgniter.php(832): App\Controllers\Home->index()
#4 /home/maxi/Documents/github/sl/system/CodeIgniter.php(419): CodeIgniter\CodeIgniter->runController()
#5 /home/maxi/Documents/github/sl/system/CodeIgniter.php(326): CodeIgniter\CodeIgniter->handleRequest()
#6 /home/maxi/Documents/github/sl/public/index.php(37): CodeIgniter\CodeIgniter->run()
#7 /home/maxi/Documents/github/sl/system/Commands/Server/rewrite.php(43): require_once('...')
#8 {main}
CRITICAL - 2022-04-22 12:26:22 --> Invalid file: /components/body-frame.php
#0 /home/maxi/Documents/github/sl/system/View/View.php(198): CodeIgniter\Exceptions\FrameworkException::forInvalidFile()
#1 /home/maxi/Documents/github/sl/system/Common.php(1089): CodeIgniter\View\View->render()
#2 /home/maxi/Documents/github/sl/app/Controllers/Home.php(9): view()
#3 /home/maxi/Documents/github/sl/system/CodeIgniter.php(832): App\Controllers\Home->index()
#4 /home/maxi/Documents/github/sl/system/CodeIgniter.php(419): CodeIgniter\CodeIgniter->runController()
#5 /home/maxi/Documents/github/sl/system/CodeIgniter.php(326): CodeIgniter\CodeIgniter->handleRequest()
#6 /home/maxi/Documents/github/sl/public/index.php(37): CodeIgniter\CodeIgniter->run()
#7 /home/maxi/Documents/github/sl/system/Commands/Server/rewrite.php(43): require_once('...')
#8 {main}
CRITICAL - 2022-04-22 12:26:23 --> Invalid file: /components/body-frame.php
#0 /home/maxi/Documents/github/sl/system/View/View.php(198): CodeIgniter\Exceptions\FrameworkException::forInvalidFile()
#1 /home/maxi/Documents/github/sl/system/Common.php(1089): CodeIgniter\View\View->render()
#2 /home/maxi/Documents/github/sl/app/Controllers/Home.php(9): view()
#3 /home/maxi/Documents/github/sl/system/CodeIgniter.php(832): App\Controllers\Home->index()
#4 /home/maxi/Documents/github/sl/system/CodeIgniter.php(419): CodeIgniter\CodeIgniter->runController()
#5 /home/maxi/Documents/github/sl/system/CodeIgniter.php(326): CodeIgniter\CodeIgniter->handleRequest()
#6 /home/maxi/Documents/github/sl/public/index.php(37): CodeIgniter\CodeIgniter->run()
#7 /home/maxi/Documents/github/sl/system/Commands/Server/rewrite.php(43): require_once('...')
#8 {main}
CRITICAL - 2022-04-22 15:08:11 --> Uncaught Error: Call to undefined method CodeIgniter\Debug\Exceptions::extend() in /home/maxi/Documents/github/sl/app/Views/errors/html/error_404.php:5
Stack trace:
#0 /home/maxi/Documents/github/sl/system/Debug/Exceptions.php(234): include()
#1 /home/maxi/Documents/github/sl/system/Debug/Exceptions.php(237): CodeIgniter\Debug\Exceptions->CodeIgniter\Debug\{closure}()
#2 /home/maxi/Documents/github/sl/system/Debug/Exceptions.php(121): CodeIgniter\Debug\Exceptions->render()
#3 [internal function]: CodeIgniter\Debug\Exceptions->exceptionHandler()
#4 {main}
  thrown
#0 [internal function]: CodeIgniter\Debug\Exceptions->shutdownHandler()
#1 {main}
CRITICAL - 2022-04-22 15:09:07 --> Uncaught Error: Call to undefined method CodeIgniter\Debug\Exceptions::extend() in /home/maxi/Documents/github/sl/app/Views/errors/html/error_404.php:5
Stack trace:
#0 /home/maxi/Documents/github/sl/system/Debug/Exceptions.php(234): include()
#1 /home/maxi/Documents/github/sl/system/Debug/Exceptions.php(237): CodeIgniter\Debug\Exceptions->CodeIgniter\Debug\{closure}()
#2 /home/maxi/Documents/github/sl/system/Debug/Exceptions.php(121): CodeIgniter\Debug\Exceptions->render()
#3 [internal function]: CodeIgniter\Debug\Exceptions->exceptionHandler()
#4 {main}
  thrown
#0 [internal function]: CodeIgniter\Debug\Exceptions->shutdownHandler()
#1 {main}
